<?xml version="1.0" encoding="UTF-8"?>
<testng-results ignored="0" total="1" passed="1" failed="0" skipped="0">
  <reporter-output>
  </reporter-output>
  <suite started-at="2023-12-11T18:43:18 MST" name="Default suite" finished-at="2023-12-11T18:43:31 MST" duration-ms="13440">
    <groups>
      <group name="cucumber">
        <method signature="AbstractTestNGCucumberTests.runScenario(io.cucumber.testng.PickleWrapper,io.cucumber.testng.FeatureWrapper)[pri:0, instance:Runner.TestRunner@c88a337]" name="runScenario" class="io.cucumber.testng.AbstractTestNGCucumberTests"/>
      </group> <!-- cucumber -->
    </groups>
    <test started-at="2023-12-11T18:43:18 MST" name="Default test" finished-at="2023-12-11T18:43:31 MST" duration-ms="13440">
      <class name="Runner.TestRunner">
        <test-method is-config="true" signature="setUpClass(org.testng.ITestContext)[pri:0, instance:Runner.TestRunner@c88a337]" started-at="2023-12-11T18:43:18 MST" name="setUpClass" finished-at="2023-12-11T18:43:19 MST" duration-ms="1189" status="PASS">
          <params>
            <param index="0">
              <value>
                <![CDATA[org.testng.TestRunner@6c008c24]]>
              </value>
            </param>
          </params>
          <reporter-output>
          </reporter-output>
        </test-method> <!-- setUpClass -->
        <test-method signature="runScenario(io.cucumber.testng.PickleWrapper,io.cucumber.testng.FeatureWrapper)[pri:0, instance:Runner.TestRunner@c88a337]" started-at="2023-12-11T18:43:19 MST" name="runScenario" description="Runs Cucumber Scenarios" data-provider="scenarios" finished-at="2023-12-11T18:43:31 MST" duration-ms="11852" status="PASS">
          <params>
            <param index="0">
              <value>
                <![CDATA["Validating shop button"]]>
              </value>
            </param>
            <param index="1">
              <value>
                <![CDATA["Optional[Shop button functionality]"]]>
              </value>
            </param>
          </params>
          <reporter-output>
          </reporter-output>
        </test-method> <!-- runScenario -->
        <test-method is-config="true" signature="tearDownClass()[pri:0, instance:Runner.TestRunner@c88a337]" started-at="2023-12-11T18:43:31 MST" name="tearDownClass" finished-at="2023-12-11T18:43:31 MST" duration-ms="268" status="PASS">
          <reporter-output>
          </reporter-output>
        </test-method> <!-- tearDownClass -->
      </class> <!-- Runner.TestRunner -->
    </test> <!-- Default test -->
  </suite> <!-- Default suite -->
</testng-results>
