<?xml version="1.0" encoding="UTF-8"?>
<testng-results ignored="0" total="2" passed="2" failed="0" skipped="0">
  <reporter-output>
  </reporter-output>
  <suite started-at="2023-12-11T23:10:59 EST" name="Default suite" finished-at="2023-12-11T23:11:10 EST" duration-ms="11051">
    <groups>
      <group name="cucumber">
        <method signature="AbstractTestNGCucumberTests.runScenario(io.cucumber.testng.PickleWrapper,io.cucumber.testng.FeatureWrapper)[pri:0, instance:Runner.TestRunner@795cd85e]" name="runScenario" class="io.cucumber.testng.AbstractTestNGCucumberTests"/>
      </group> <!-- cucumber -->
    </groups>
    <test started-at="2023-12-11T23:10:59 EST" name="Default test" finished-at="2023-12-11T23:11:10 EST" duration-ms="11051">
      <class name="Runner.TestRunner">
        <test-method is-config="true" signature="setUpClass(org.testng.ITestContext)[pri:0, instance:Runner.TestRunner@795cd85e]" started-at="2023-12-11T23:10:59 EST" name="setUpClass" finished-at="2023-12-11T23:11:00 EST" duration-ms="299" status="PASS">
          <params>
            <param index="0">
              <value>
                <![CDATA[org.testng.TestRunner@eca6a74]]>
              </value>
            </param>
          </params>
          <reporter-output>
          </reporter-output>
        </test-method> <!-- setUpClass -->
        <test-method signature="runScenario(io.cucumber.testng.PickleWrapper,io.cucumber.testng.FeatureWrapper)[pri:0, instance:Runner.TestRunner@795cd85e]" started-at="2023-12-11T23:11:00 EST" name="runScenario" description="Runs Cucumber Scenarios" data-provider="scenarios" finished-at="2023-12-11T23:11:05 EST" duration-ms="4877" status="PASS">
          <params>
            <param index="0">
              <value>
                <![CDATA["Verify user is able to land on home page"]]>
              </value>
            </param>
            <param index="1">
              <value>
                <![CDATA["Optional[HomePage launch Verification]"]]>
              </value>
            </param>
          </params>
          <reporter-output>
          </reporter-output>
        </test-method> <!-- runScenario -->
        <test-method signature="runScenario(io.cucumber.testng.PickleWrapper,io.cucumber.testng.FeatureWrapper)[pri:0, instance:Runner.TestRunner@795cd85e]" started-at="2023-12-11T23:11:05 EST" name="runScenario" description="Runs Cucumber Scenarios" data-provider="scenarios" finished-at="2023-12-11T23:11:10 EST" duration-ms="5793" status="PASS">
          <params>
            <param index="0">
              <value>
                <![CDATA["Verify user is able to land on home page with invalid URL"]]>
              </value>
            </param>
            <param index="1">
              <value>
                <![CDATA["Optional[HomePage launch Verification]"]]>
              </value>
            </param>
          </params>
          <reporter-output>
          </reporter-output>
        </test-method> <!-- runScenario -->
        <test-method is-config="true" signature="tearDownClass()[pri:0, instance:Runner.TestRunner@795cd85e]" started-at="2023-12-11T23:11:10 EST" name="tearDownClass" finished-at="2023-12-11T23:11:10 EST" duration-ms="56" status="PASS">
          <reporter-output>
          </reporter-output>
        </test-method> <!-- tearDownClass -->
      </class> <!-- Runner.TestRunner -->
    </test> <!-- Default test -->
  </suite> <!-- Default suite -->
</testng-results>
